<?xml version="1.0" encoding="UTF-8"?>
<testsuite xmlns:xsi="http://www.w3.org/2001/XMLSchema-instance" xsi:noNamespaceSchemaLocation="https://maven.apache.org/surefire/maven-surefire-plugin/xsd/surefire-test-report.xsd" name="com.example.project.CalculatorTests" time="0.212" tests="5" errors="0" skipped="0" failures="0">
  <properties>
[...]
</properties>
  <testcase name="addsTwoNumbers" classname="com.example.project.CalculatorTests" time="0.043"/>
  <testcase name="add{int, int, int}[1]" classname="com.example.project.CalculatorTests" time="0.076"/>
  <testcase name="add{int, int, int}[2]" classname="com.example.project.CalculatorTests" time="0.002"/>
  <testcase name="add{int, int, int}[3]" classname="com.example.project.CalculatorTests" time="0"/>
  <testcase name="add{int, int, int}[4]" classname="com.example.project.CalculatorTests" time="0.002"/>
</testsuite>